
> @event-forge/inbox-outbox-core@1.0.0 lint /private/var/folders/3s/f088p7sn0w583k6py57jw29h0000gn/T/vibe-kanban/worktrees/4142-create-universal/Event-Forge/inbox-outbox/packages/core
> eslint src --ext .ts


/private/var/folders/3s/f088p7sn0w583k6py57jw29h0000gn/T/vibe-kanban/worktrees/4142-create-universal/Event-Forge/inbox-outbox/packages/core/src/decorators/inbox-handler.decorator.ts
  33:5   error    Unsafe call of an `any` typed value                     @typescript-eslint/no-unsafe-call
  33:17  warning  Unexpected any. Specify a different type                @typescript-eslint/no-explicit-any
  33:22  error    Unsafe member access .defineMetadata on an `any` value  @typescript-eslint/no-unsafe-member-access

/private/var/folders/3s/f088p7sn0w583k6py57jw29h0000gn/T/vibe-kanban/worktrees/4142-create-universal/Event-Forge/inbox-outbox/packages/core/src/decorators/outbox-handler.decorator.ts
  36:5   error    Unsafe call of an `any` typed value                     @typescript-eslint/no-unsafe-call
  36:17  warning  Unexpected any. Specify a different type                @typescript-eslint/no-explicit-any
  36:22  error    Unsafe member access .defineMetadata on an `any` value  @typescript-eslint/no-unsafe-member-access

/private/var/folders/3s/f088p7sn0w583k6py57jw29h0000gn/T/vibe-kanban/worktrees/4142-create-universal/Event-Forge/inbox-outbox/packages/core/src/services/__tests__/inbox.service.spec.ts
  0:0  error  Parsing error: ESLint was configured to run on `<tsconfigRootDir>/src/services/__tests__/inbox.service.spec.ts` using `parserOptions.project`: /private/var/folders/3s/f088p7sn0w583k6py57jw29h0000gn/t/vibe-kanban/worktrees/4142-create-universal/event-forge/inbox-outbox/packages/core/tsconfig.json
However, that TSConfig does not include this file. Either:
- Change ESLint's list of included files to not include this file
- Change that TSConfig to include this file
- Create a new TSConfig that includes this file and include it in your parserOptions.project
See the typescript-eslint docs for more info: https://typescript-eslint.io/linting/troubleshooting#i-get-errors-telling-me-eslint-was-configured-to-run--however-that-tsconfig-does-not--none-of-those-tsconfigs-include-this-file

/private/var/folders/3s/f088p7sn0w583k6py57jw29h0000gn/T/vibe-kanban/worktrees/4142-create-universal/Event-Forge/inbox-outbox/packages/core/src/services/__tests__/outbox.service.spec.ts
  0:0  error  Parsing error: ESLint was configured to run on `<tsconfigRootDir>/src/services/__tests__/outbox.service.spec.ts` using `parserOptions.project`: /private/var/folders/3s/f088p7sn0w583k6py57jw29h0000gn/t/vibe-kanban/worktrees/4142-create-universal/event-forge/inbox-outbox/packages/core/tsconfig.json
However, that TSConfig does not include this file. Either:
- Change ESLint's list of included files to not include this file
- Change that TSConfig to include this file
- Create a new TSConfig that includes this file and include it in your parserOptions.project
See the typescript-eslint docs for more info: https://typescript-eslint.io/linting/troubleshooting#i-get-errors-telling-me-eslint-was-configured-to-run--however-that-tsconfig-does-not--none-of-those-tsconfigs-include-this-file

✖ 8 problems (6 errors, 2 warnings)

 ELIFECYCLE  Command failed with exit code 1.
